[2024-01-19T23:14:20.926Z] debug: [twx-studio:upgrade:NGC_sxsl_Player_01] Begin upgrade of project
[2024-01-19T23:14:20.928Z] info: [twx-studio:upgrade:NGC_sxsl_Player_01] Upgrading project
[2024-01-19T23:14:20.952Z] debug: [twx-studio:upgrade:NGC_sxsl_Player_01] Remove all the src-scaffold files from src
[2024-01-19T23:14:20.954Z] debug: [twx-studio:upgrade:NGC_sxsl_Player_01] Deleting settings.path
[2024-01-19T23:14:20.954Z] debug: [twx-studio:upgrade:NGC_sxsl_Player_01] Deleting settings.studioPath
[2024-01-19T23:14:20.954Z] debug: [twx-studio:upgrade:NGC_sxsl_Player_01] C:\Users\jhunt\Documents\VuforiaStudio\Projects\NGC_sxsl_Player_01\src\shared\components\Data.json
[2024-01-19T23:14:20.955Z] debug: [twx-studio:upgrade:NGC_sxsl_Player_01] C:\Users\jhunt\Documents\VuforiaStudio\Projects\NGC_sxsl_Player_01\src\shared\components\Device.json
[2024-01-19T23:14:20.956Z] debug: [twx-studio:upgrade:NGC_sxsl_Player_01] Unable to migrate application parameters; none exist in project's appConfig.json.
[2024-01-19T23:14:20.956Z] debug: [twx-studio:upgrade:NGC_sxsl_Player_01] Migrate service bindings for view
[2024-01-19T23:14:20.956Z] debug: [twx-studio:upgrade:NGC_sxsl_Player_01] Updating bindings in view: 
[2024-01-19T23:14:20.957Z] debug: [twx-studio:upgrade:NGC_sxsl_Player_01] Updating bindings in the Home json, file contents: {"attributes":{"twx-widget":"","viewtype":"ar","is-widget-container":"true"},"children":[{"name":"twx-container-content","children":[{"attributes":{"twx-widget":"","translation-key":"@ptc/ves-ar-extension:3D Container","is-widget-container":"true"},"name":"twx-dt-view","children":[{"name":"twx-container-content"}]},{"attributes":{"twx-widget":"","translation-key":"@ptc/ves-ar-extension:2D Overlay","is-widget-container":"true"},"name":"twx-overlay","children":[{"name":"twx-container-content","children":[{"attributes":{"twx-widget":"","translation-key":"@ptc/ves-ar-extension:Top Panel","position":"top","is-widget-container":"true"},"name":"twx-overlay-container","children":[{"name":"twx-container-content"}]},{"attributes":{"twx-widget":"","translation-key":"@ptc/ves-ar-extension:2D Body"},"name":"twx-overlay-body","children":[{"name":"twx-container-content","children":[{"attributes":{"twx-widget":"","translation-key":"@ptc/ves-ar-extension:Left Panel","position":"left","is-widget-container":"true"},"name":"twx-overlay-container","children":[{"name":"twx-container-content"}]},{"attributes":{"twx-widget":"","translation-key":"@ptc/ves-ar-extension:Center Panel","position":"center","is-widget-container":"true"},"name":"twx-overlay-container","children":[{"name":"twx-container-content"}]},{"attributes":{"twx-widget":"","translation-key":"@ptc/ves-ar-extension:Right Panel","position":"right","is-widget-container":"true"},"name":"twx-overlay-container","children":[{"name":"twx-container-content"}]}]}]},{"attributes":{"twx-widget":"","translation-key":"@ptc/ves-ar-extension:Bottom Panel","position":"bottom","is-widget-container":"true"},"name":"twx-overlay-container","children":[{"name":"twx-container-content"}]}]}]}]},{"name":"twx-view-data"}],"name":"twx-view"}
[2024-01-19T23:14:20.957Z] debug: [twx-studio:upgrade:NGC_sxsl_Player_01] Unable to update the metadata.json file, the file was not found.
[2024-01-19T23:14:20.958Z] debug: [twx-studio:upgrade:NGC_sxsl_Player_01] Unable to update the metadata.json file, it was not found at C:\Users\jhunt\Documents\VuforiaStudio\Projects\NGC_sxsl_Player_01\src\shared\components\metadata.json
[2024-01-19T23:14:20.960Z] debug: [twx-studio:upgrade:NGC_sxsl_Player_01] Contents of view before upgrading
[2024-01-19T23:14:20.960Z] debug: [twx-studio:upgrade:NGC_sxsl_Player_01] Unable to update the metadata.json file, it was not found at C:\Users\jhunt\Documents\VuforiaStudio\Projects\NGC_sxsl_Player_01\src\shared\components\metadata.json
[2024-01-19T23:14:20.962Z] warn: [twx-studio:upgrade:NGC_sxsl_Player_01] Wasn't able to migrate the data in
[2024-01-19T23:14:20.962Z] debug: [twx-studio:upgrade:NGC_sxsl_Player_01] Cached device dimensions are obsolete and will be deleted:
[2024-01-19T23:14:20.964Z] debug: [twx-studio:upgrade:NGC_sxsl_Player_01] File not found during migration of handler to handler-path C:\Users\jhunt\Documents\VuforiaStudio\Projects\NGC_sxsl_Player_01\src\shared\components\Data.json
[2024-01-19T23:14:20.965Z] debug: [twx-studio:upgrade:NGC_sxsl_Player_01] Make sure there are not any stale files lying around
[2024-01-19T23:14:20.966Z] debug: [twx-studio:upgrade:NGC_sxsl_Player_01] Create .gitignore for project dir
[2024-01-19T23:14:20.967Z] debug: [twx-studio:upgrade:NGC_sxsl_Player_01] Copying /src/**/* to project, overwrite=false
[2024-01-19T23:14:20.968Z] debug: [twx-studio:upgrade:NGC_sxsl_Player_01] Copying /**/* to project, skip /src/**/*,  overwrite=true
[2024-01-19T23:14:21.034Z] debug: [twx-studio:upgrade:NGC_sxsl_Player_01] Copy of project files complete
[2024-01-19T23:14:21.034Z] debug: [twx-studio:upgrade:NGC_sxsl_Player_01] Updating version to 
[2024-01-19T23:14:21.034Z] debug: [twx-studio:upgrade:NGC_sxsl_Player_01] onupgrade sucessful, now build the project
[2024-01-19T23:14:21.035Z] debug: [twx-studio:upgrade:NGC_sxsl_Player_01] BEGIN buildApp
[2024-01-19T23:14:21.035Z] debug: [twx-studio:upgrade:NGC_sxsl_Player_01] write settings
[2024-01-19T23:14:21.036Z] debug: [twx-studio:upgrade:NGC_sxsl_Player_01] copy runtime extensions
[2024-01-19T23:14:22.189Z] debug: [twx-studio:upgrade:NGC_sxsl_Player_01] packageThemeSet
[2024-01-19T23:14:24.282Z] debug: [twx-studio:upgrade:NGC_sxsl_Player_01] onBuild
[2024-01-19T23:14:24.283Z] info: [twx-studio:upgrade:NGC_sxsl_Player_01] Building ves-ar-extension app:
[2024-01-19T23:14:24.287Z] debug: [twx-studio:upgrade:NGC_sxsl_Player_01] pathDir
[2024-01-19T23:14:25.313Z] debug: [twx-studio:upgrade:NGC_sxsl_Player_01] END buildApp
[2024-01-19T23:14:25.313Z] debug: [twx-studio:upgrade:NGC_sxsl_Player_01] Build succeeded.
[2024-02-19T19:43:01.381Z] debug: [twx-studio:upgrade:NGC_sxsl_Player_01] Begin upgrade of project
[2024-02-19T19:43:01.382Z] info: [twx-studio:upgrade:NGC_sxsl_Player_01] Upgrading project
[2024-02-19T19:43:01.383Z] debug: [twx-studio:upgrade:NGC_sxsl_Player_01] Make sure there are not any stale files lying around
[2024-02-19T19:43:01.384Z] debug: [twx-studio:upgrade:NGC_sxsl_Player_01] Removing 
[2024-02-19T19:43:01.390Z] debug: [twx-studio:upgrade:NGC_sxsl_Player_01] Removing 
[2024-02-19T19:43:01.496Z] debug: [twx-studio:upgrade:NGC_sxsl_Player_01] Removing 
[2024-02-19T19:43:01.807Z] debug: [twx-studio:upgrade:NGC_sxsl_Player_01] Removing 
[2024-02-19T19:43:01.823Z] debug: [twx-studio:upgrade:NGC_sxsl_Player_01] Removing 
[2024-02-19T19:43:01.827Z] debug: [twx-studio:upgrade:NGC_sxsl_Player_01] Copying /src/**/* to project, overwrite=false
[2024-02-19T19:43:01.829Z] debug: [twx-studio:upgrade:NGC_sxsl_Player_01] Copying /**/* to project, skip /src/**/*,  overwrite=true
[2024-02-19T19:43:01.881Z] debug: [twx-studio:upgrade:NGC_sxsl_Player_01] Copy of project files complete
[2024-02-19T19:43:01.882Z] debug: [twx-studio:upgrade:NGC_sxsl_Player_01] Updating version to 
[2024-02-19T19:43:01.882Z] debug: [twx-studio:upgrade:NGC_sxsl_Player_01] onupgrade sucessful, now build the project
[2024-02-19T19:43:01.882Z] debug: [twx-studio:upgrade:NGC_sxsl_Player_01] BEGIN buildApp
[2024-02-19T19:43:01.882Z] debug: [twx-studio:upgrade:NGC_sxsl_Player_01] write settings
[2024-02-19T19:43:01.883Z] debug: [twx-studio:upgrade:NGC_sxsl_Player_01] copy runtime extensions
[2024-02-19T19:43:02.995Z] debug: [twx-studio:upgrade:NGC_sxsl_Player_01] packageThemeSet
[2024-02-19T19:43:04.777Z] debug: [twx-studio:upgrade:NGC_sxsl_Player_01] onBuild
[2024-02-19T19:43:04.778Z] info: [twx-studio:upgrade:NGC_sxsl_Player_01] Building ves-ar-extension app:
[2024-02-19T19:43:04.782Z] debug: [twx-studio:upgrade:NGC_sxsl_Player_01] pathDir
[2024-02-19T19:43:05.138Z] debug: [twx-studio:upgrade:NGC_sxsl_Player_01] END buildApp
[2024-02-19T19:43:05.138Z] debug: [twx-studio:upgrade:NGC_sxsl_Player_01] Build succeeded.
[2024-04-29T19:34:35.276Z] debug: [twx-studio:upgrade:NGC_sxsl_Player_01] Begin upgrade of project
[2024-04-29T19:34:35.277Z] info: [twx-studio:upgrade:NGC_sxsl_Player_01] Upgrading project
[2024-04-29T19:34:35.279Z] debug: [twx-studio:upgrade:NGC_sxsl_Player_01] Moving .glb resources for project: NGC_sxsl_Player_01
[2024-04-29T19:34:35.279Z] debug: [twx-studio:upgrade:NGC_sxsl_Player_01] No model target found!
[2024-04-29T19:34:35.279Z] debug: [twx-studio:upgrade:NGC_sxsl_Player_01] Make sure there are not any stale files lying around
[2024-04-29T19:34:35.279Z] debug: [twx-studio:upgrade:NGC_sxsl_Player_01] Removing 
[2024-04-29T19:34:35.285Z] debug: [twx-studio:upgrade:NGC_sxsl_Player_01] Removing 
[2024-04-29T19:34:35.380Z] debug: [twx-studio:upgrade:NGC_sxsl_Player_01] Removing 
[2024-04-29T19:34:35.730Z] debug: [twx-studio:upgrade:NGC_sxsl_Player_01] Removing 
[2024-04-29T19:34:35.747Z] debug: [twx-studio:upgrade:NGC_sxsl_Player_01] Removing 
[2024-04-29T19:34:35.751Z] debug: [twx-studio:upgrade:NGC_sxsl_Player_01] Copying /src/**/* to project, overwrite=false
[2024-04-29T19:34:35.754Z] debug: [twx-studio:upgrade:NGC_sxsl_Player_01] Copying /**/* to project, skip /src/**/*,  overwrite=true
[2024-04-29T19:34:35.811Z] debug: [twx-studio:upgrade:NGC_sxsl_Player_01] Copy of project files complete
[2024-04-29T19:34:35.811Z] debug: [twx-studio:upgrade:NGC_sxsl_Player_01] Updating version to 
[2024-04-29T19:34:35.811Z] debug: [twx-studio:upgrade:NGC_sxsl_Player_01] onupgrade sucessful, now build the project
[2024-04-29T19:34:35.812Z] debug: [twx-studio:upgrade:NGC_sxsl_Player_01] BEGIN buildApp
[2024-04-29T19:34:35.812Z] debug: [twx-studio:upgrade:NGC_sxsl_Player_01] write settings
[2024-04-29T19:34:35.812Z] debug: [twx-studio:upgrade:NGC_sxsl_Player_01] copy runtime extensions
[2024-04-29T19:34:37.309Z] debug: [twx-studio:upgrade:NGC_sxsl_Player_01] packageThemeSet
[2024-04-29T19:34:39.310Z] debug: [twx-studio:upgrade:NGC_sxsl_Player_01] onBuild
[2024-04-29T19:34:39.310Z] info: [twx-studio:upgrade:NGC_sxsl_Player_01] Building ves-ar-extension app:
[2024-04-29T19:34:39.315Z] debug: [twx-studio:upgrade:NGC_sxsl_Player_01] pathDir
[2024-04-29T19:34:39.735Z] debug: [twx-studio:upgrade:NGC_sxsl_Player_01] END buildApp
[2024-04-29T19:34:39.735Z] debug: [twx-studio:upgrade:NGC_sxsl_Player_01] Build succeeded.

2024-05-23T11:51:13.412Z: Project "NGC_sxsl_Player_01" saved as new project "NGC_sxsl_Player_02_UpdatedActions"[2024-05-23T14:22:23.165Z] debug: [twx-studio:upgrade:NGC_sxsl_Player_02_UpdatedActions] Begin upgrade of project
[2024-05-23T14:22:23.167Z] info: [twx-studio:upgrade:NGC_sxsl_Player_02_UpdatedActions] Upgrading project
[2024-05-23T14:22:23.170Z] debug: [twx-studio:upgrade:NGC_sxsl_Player_02_UpdatedActions] Moving .glb resources for project: NGC_sxsl_Player_02_UpdatedActions
[2024-05-23T14:22:23.170Z] debug: [twx-studio:upgrade:NGC_sxsl_Player_02_UpdatedActions] No model target found!
[2024-05-23T14:22:23.170Z] debug: [twx-studio:upgrade:NGC_sxsl_Player_02_UpdatedActions] Make sure there are not any stale files lying around
[2024-05-23T14:22:23.171Z] debug: [twx-studio:upgrade:NGC_sxsl_Player_02_UpdatedActions] Removing 
[2024-05-23T14:22:23.194Z] debug: [twx-studio:upgrade:NGC_sxsl_Player_02_UpdatedActions] Create .gitignore for project dir
[2024-05-23T14:22:23.196Z] debug: [twx-studio:upgrade:NGC_sxsl_Player_02_UpdatedActions] Copying /src/**/* to project, overwrite=false
[2024-05-23T14:22:23.197Z] debug: [twx-studio:upgrade:NGC_sxsl_Player_02_UpdatedActions] Copying /**/* to project, skip /src/**/*,  overwrite=true
[2024-05-23T14:22:23.285Z] debug: [twx-studio:upgrade:NGC_sxsl_Player_02_UpdatedActions] Copy of project files complete
[2024-05-23T14:22:23.285Z] debug: [twx-studio:upgrade:NGC_sxsl_Player_02_UpdatedActions] Updating version to 
[2024-05-23T14:22:23.286Z] debug: [twx-studio:upgrade:NGC_sxsl_Player_02_UpdatedActions] onupgrade sucessful, now build the project
[2024-05-23T14:22:23.286Z] debug: [twx-studio:upgrade:NGC_sxsl_Player_02_UpdatedActions] BEGIN buildApp
[2024-05-23T14:22:23.286Z] debug: [twx-studio:upgrade:NGC_sxsl_Player_02_UpdatedActions] write settings
[2024-05-23T14:22:23.287Z] debug: [twx-studio:upgrade:NGC_sxsl_Player_02_UpdatedActions] copy runtime extensions
[2024-05-23T14:22:24.612Z] debug: [twx-studio:upgrade:NGC_sxsl_Player_02_UpdatedActions] packageThemeSet
[2024-05-23T14:22:26.637Z] debug: [twx-studio:upgrade:NGC_sxsl_Player_02_UpdatedActions] onBuild
[2024-05-23T14:22:26.637Z] info: [twx-studio:upgrade:NGC_sxsl_Player_02_UpdatedActions] Building ves-ar-extension app:
[2024-05-23T14:22:26.641Z] debug: [twx-studio:upgrade:NGC_sxsl_Player_02_UpdatedActions] pathDir
[2024-05-23T14:22:27.141Z] debug: [twx-studio:upgrade:NGC_sxsl_Player_02_UpdatedActions] END buildApp
[2024-05-23T14:22:27.141Z] debug: [twx-studio:upgrade:NGC_sxsl_Player_02_UpdatedActions] Build succeeded.
[2024-06-13T18:18:28.146Z] debug: [twx-studio:upgrade:NGC_sxsl_Player_02_UpdatedActions] Begin upgrade of project
[2024-06-13T18:18:28.148Z] info: [twx-studio:upgrade:NGC_sxsl_Player_02_UpdatedActions] Upgrading project
[2024-06-13T18:18:28.234Z] debug: [twx-studio:upgrade:NGC_sxsl_Player_02_UpdatedActions] Moving .glb resources for project: NGC_sxsl_Player_02_UpdatedActions
[2024-06-13T18:18:28.235Z] debug: [twx-studio:upgrade:NGC_sxsl_Player_02_UpdatedActions] No model target found!
[2024-06-13T18:18:28.235Z] debug: [twx-studio:upgrade:NGC_sxsl_Player_02_UpdatedActions] starting mt upgrade
[2024-06-13T18:18:28.236Z] debug: [twx-studio:upgrade:NGC_sxsl_Player_02_UpdatedActions] finishing mt upgrade
[2024-06-13T18:18:28.236Z] debug: [twx-studio:upgrade:NGC_sxsl_Player_02_UpdatedActions] Make sure there are not any stale files lying around
[2024-06-13T18:18:28.236Z] debug: [twx-studio:upgrade:NGC_sxsl_Player_02_UpdatedActions] Removing 
[2024-06-13T18:18:28.274Z] debug: [twx-studio:upgrade:NGC_sxsl_Player_02_UpdatedActions] Create .gitignore for project dir
[2024-06-13T18:18:28.276Z] debug: [twx-studio:upgrade:NGC_sxsl_Player_02_UpdatedActions] Copying /src/**/* to project, overwrite=false
[2024-06-13T18:18:28.279Z] debug: [twx-studio:upgrade:NGC_sxsl_Player_02_UpdatedActions] Copying /**/* to project, skip /src/**/*,  overwrite=true
[2024-06-13T18:18:28.404Z] debug: [twx-studio:upgrade:NGC_sxsl_Player_02_UpdatedActions] Copy of project files complete
[2024-06-13T18:18:28.404Z] debug: [twx-studio:upgrade:NGC_sxsl_Player_02_UpdatedActions] Updating version to 
[2024-06-13T18:18:28.404Z] debug: [twx-studio:upgrade:NGC_sxsl_Player_02_UpdatedActions] onupgrade sucessful, now build the project
[2024-06-13T18:18:28.405Z] debug: [twx-studio:upgrade:NGC_sxsl_Player_02_UpdatedActions] BEGIN buildApp
[2024-06-13T18:18:28.405Z] debug: [twx-studio:upgrade:NGC_sxsl_Player_02_UpdatedActions] write settings
[2024-06-13T18:18:28.407Z] debug: [twx-studio:upgrade:NGC_sxsl_Player_02_UpdatedActions] copy runtime extensions
[2024-06-13T18:18:30.706Z] debug: [twx-studio:upgrade:NGC_sxsl_Player_02_UpdatedActions] packageThemeSet
[2024-06-13T18:18:33.466Z] debug: [twx-studio:upgrade:NGC_sxsl_Player_02_UpdatedActions] onBuild
[2024-06-13T18:18:33.466Z] info: [twx-studio:upgrade:NGC_sxsl_Player_02_UpdatedActions] Building ves-ar-extension app:
[2024-06-13T18:18:34.329Z] debug: [twx-studio:upgrade:NGC_sxsl_Player_02_UpdatedActions] pathDir
[2024-06-13T18:25:10.182Z] debug: [twx-studio:upgrade:NGC_sxsl_Player_02_UpdatedActions] END buildApp
[2024-06-13T18:25:10.182Z] debug: [twx-studio:upgrade:NGC_sxsl_Player_02_UpdatedActions] Build succeeded.
[2024-06-28T18:30:49.618Z] debug: [twx-studio:upgrade:NGC_sxsl_Player_02_UpdatedActions] Begin upgrade of project
[2024-06-28T18:30:49.623Z] info: [twx-studio:upgrade:NGC_sxsl_Player_02_UpdatedActions] Upgrading project
[2024-06-28T18:30:49.743Z] debug: [twx-studio:upgrade:NGC_sxsl_Player_02_UpdatedActions] starting mt upgrade
[2024-06-28T18:30:49.743Z] debug: [twx-studio:upgrade:NGC_sxsl_Player_02_UpdatedActions] finishing mt upgrade
[2024-06-28T18:30:49.743Z] debug: [twx-studio:upgrade:NGC_sxsl_Player_02_UpdatedActions] Make sure there are not any stale files lying around
[2024-06-28T18:30:49.744Z] debug: [twx-studio:upgrade:NGC_sxsl_Player_02_UpdatedActions] Removing 
[2024-06-28T18:30:49.758Z] debug: [twx-studio:upgrade:NGC_sxsl_Player_02_UpdatedActions] Removing 
[2024-06-28T18:30:50.649Z] debug: [twx-studio:upgrade:NGC_sxsl_Player_02_UpdatedActions] Removing 
[2024-06-28T18:30:52.400Z] debug: [twx-studio:upgrade:NGC_sxsl_Player_02_UpdatedActions] Removing 
[2024-06-28T18:30:52.448Z] debug: [twx-studio:upgrade:NGC_sxsl_Player_02_UpdatedActions] Removing 
[2024-06-28T18:30:52.466Z] debug: [twx-studio:upgrade:NGC_sxsl_Player_02_UpdatedActions] Copying /src/**/* to project, overwrite=false
[2024-06-28T18:30:52.469Z] debug: [twx-studio:upgrade:NGC_sxsl_Player_02_UpdatedActions] Copying /**/* to project, skip /src/**/*,  overwrite=true
[2024-06-28T18:30:52.580Z] debug: [twx-studio:upgrade:NGC_sxsl_Player_02_UpdatedActions] Copy of project files complete
[2024-06-28T18:30:52.581Z] debug: [twx-studio:upgrade:NGC_sxsl_Player_02_UpdatedActions] Updating version to 
[2024-06-28T18:30:52.581Z] debug: [twx-studio:upgrade:NGC_sxsl_Player_02_UpdatedActions] onupgrade sucessful, now build the project
[2024-06-28T18:30:52.581Z] debug: [twx-studio:upgrade:NGC_sxsl_Player_02_UpdatedActions] BEGIN buildApp
[2024-06-28T18:30:52.582Z] debug: [twx-studio:upgrade:NGC_sxsl_Player_02_UpdatedActions] write settings
[2024-06-28T18:30:52.583Z] debug: [twx-studio:upgrade:NGC_sxsl_Player_02_UpdatedActions] copy runtime extensions
[2024-06-28T18:30:53.746Z] debug: [twx-studio:upgrade:NGC_sxsl_Player_02_UpdatedActions] packageThemeSet
[2024-06-28T18:30:56.221Z] debug: [twx-studio:upgrade:NGC_sxsl_Player_02_UpdatedActions] onBuild
[2024-06-28T18:30:56.222Z] info: [twx-studio:upgrade:NGC_sxsl_Player_02_UpdatedActions] Building ves-ar-extension app:
[2024-06-28T18:30:57.295Z] debug: [twx-studio:upgrade:NGC_sxsl_Player_02_UpdatedActions] pathDir
[2024-06-28T18:31:08.619Z] debug: [twx-studio:upgrade:NGC_sxsl_Player_02_UpdatedActions] END buildApp
[2024-06-28T18:31:08.619Z] debug: [twx-studio:upgrade:NGC_sxsl_Player_02_UpdatedActions] Build succeeded.

2024-07-02T15:24:58.692Z: Project "NGC_sxsl_Player_02_UpdatedActions" saved as new project "NGC_WP_sxsl_Player"[2024-07-02T15:25:41.997Z] debug: [twx-studio:upgrade:NGC_WP_sxsl_Player] Begin upgrade of project
[2024-07-02T15:25:41.998Z] info: [twx-studio:upgrade:NGC_WP_sxsl_Player] Upgrading project
[2024-07-02T15:25:41.999Z] debug: [twx-studio:upgrade:NGC_WP_sxsl_Player] Make sure there are not any stale files lying around
[2024-07-02T15:25:41.999Z] debug: [twx-studio:upgrade:NGC_WP_sxsl_Player] Removing 
[2024-07-02T15:25:42.012Z] debug: [twx-studio:upgrade:NGC_WP_sxsl_Player] Create .gitignore for project dir
[2024-07-02T15:25:42.023Z] debug: [twx-studio:upgrade:NGC_WP_sxsl_Player] Copying /src/**/* to project, overwrite=false
[2024-07-02T15:25:42.025Z] debug: [twx-studio:upgrade:NGC_WP_sxsl_Player] Copying /**/* to project, skip /src/**/*,  overwrite=true
[2024-07-02T15:25:42.093Z] debug: [twx-studio:upgrade:NGC_WP_sxsl_Player] Copy of project files complete
[2024-07-02T15:25:42.094Z] debug: [twx-studio:upgrade:NGC_WP_sxsl_Player] Updating version to 
[2024-07-02T15:25:42.094Z] debug: [twx-studio:upgrade:NGC_WP_sxsl_Player] onupgrade sucessful, now build the project
[2024-07-02T15:25:42.094Z] debug: [twx-studio:upgrade:NGC_WP_sxsl_Player] BEGIN buildApp
[2024-07-02T15:25:42.094Z] debug: [twx-studio:upgrade:NGC_WP_sxsl_Player] write settings
[2024-07-02T15:25:42.095Z] debug: [twx-studio:upgrade:NGC_WP_sxsl_Player] copy runtime extensions
[2024-07-02T15:25:42.918Z] debug: [twx-studio:upgrade:NGC_WP_sxsl_Player] packageThemeSet
[2024-07-02T15:25:45.092Z] debug: [twx-studio:upgrade:NGC_WP_sxsl_Player] onBuild
[2024-07-02T15:25:45.092Z] info: [twx-studio:upgrade:NGC_WP_sxsl_Player] Building ves-ar-extension app:
[2024-07-02T15:25:45.093Z] debug: [twx-studio:upgrade:NGC_WP_sxsl_Player] pathDir
[2024-07-02T15:25:46.231Z] debug: [twx-studio:upgrade:NGC_WP_sxsl_Player] END buildApp
[2024-07-02T15:25:46.231Z] debug: [twx-studio:upgrade:NGC_WP_sxsl_Player] Build succeeded.
